1620590317832	geckodriver	INFO	Listening on 127.0.0.1:60291
1620590320875	mozrunner::runner	INFO	Running command: "C:\\Program Files\\Mozilla Firefox\\firefox.exe" "--marionette" "-foreground" "-no-remote" "-profile" "C:\\Users\\hotpo\\AppData\\Local\\Temp\\rust_mozprofileNCwxEO"
1620590321104	Marionette	INFO	Marionette enabled
console.warn: SearchSettings: "get: No settings file exists, new profile?" (new Error("", "(unknown module)"))
1620590322586	Marionette	INFO	Listening on port 60301
1620590322928	Marionette	WARN	TLS certificate errors will be ignored for this session
JavaScript error: , line 0: NS_ERROR_NOT_AVAILABLE
1620591110616	Marionette	INFO	Stopped listening on port 60301

###!!! [Child][RunMessage] Error: Channel closing: too late to send/recv, messages will be lost

 "C:\\Users\\hotpo\\AppData\\Local\\Temp\\rust_mozprofileNM16v4"
1620590429003	Marionette	INFO	Marionette enabled
console.warn: SearchSettings: "get: No settings file exists, new profile?" (new Error("", "(unknown module)"))
1620590430480	Marionette	INFO	Listening on port 60434
1620590430812	Marionette	WARN	TLS certificate errors will be ignored for this session
1620591111710	Marionette	INFO	Stopped listening on port 60434

###!!! [Child][RunMessage] Error: Channel closing: too late to send/recv, messages will be lost

"--marionette" "-foreground" "-no-remote" "-profile" "C:\\Users\\hotpo\\AppData\\Local\\Temp\\rust_mozprofileCRWmEh"
1620590466925	Marionette	INFO	Marionette enabled
console.warn: SearchSettings: "get: No settings file exists, new profile?" (new Error("", "(unknown module)"))
1620590468520	Marionette	INFO	Listening on port 60528
1620590468740	Marionette	WARN	TLS certificate errors will be ignored for this session
1620591112740	Marionette	INFO	Stopped listening on port 60528

###!!! [Child][RunMessage] Error: Channel closing: too late to send/recv, messages will be lost

"--marionette" "-foreground" "-no-remote" "-profile" "C:\\Users\\hotpo\\AppData\\Local\\Temp\\rust_mozprofileNk9yHH"
1620590534325	Marionette	INFO	Marionette enabled
console.warn: SearchSettings: "get: No settings file exists, new profile?" (new Error("", "(unknown module)"))
1620590535888	Marionette	INFO	Listening on port 60637
1620590536145	Marionette	WARN	TLS certificate errors will be ignored for this session
1620591116839	Marionette	INFO	Stopped listening on port 60637
0590565953	mozrunner::runner	INFO	Running command: "C:\\Program Files\\Mozilla Firefox\\firefox.exe" "--marionette" "-foreground" "-no-remote" "-profile" "C:\\Users\\hotpo\\AppData\\Local\\Temp\\rust_mozprofilecqKPTL"
1620590566190	Marionette	INFO	Marionette enabled
console.warn: SearchSettings: "get: No settings file exists, new profile?" (new Error("", "(unknown module)"))
1620590567681	Marionette	INFO	Listening on port 60725
1620590568002	Marionette	WARN	TLS certificate errors will be ignored for this session
1620591115760	Marionette	INFO	Stopped listening on port 60725

###!!! [Child][RunMessage] Error: Channel closing: too late to send/recv, messages will be lost

"--marionette" "-foreground" "-no-remote" "-profile" "C:\\Users\\hotpo\\AppData\\Local\\Temp\\rust_mozprofilesi7kpm"
1620590627680	Marionette	INFO	Marionette enabled
console.warn: SearchSettings: "get: No settings file exists, new profile?" (new Error("", "(unknown module)"))
1620590629404	Marionette	INFO	Listening on port 60828
1620590629491	Marionette	WARN	TLS certificate errors will be ignored for this session
1620591109323	Marionette	INFO	Stopped listening on port 60828
0590675021	mozrunner::runner	INFO	Running command: "C:\\Program Files\\Mozilla Firefox\\firefox.exe" "--marionette" "-foreground" "-no-remote" "-profile" "C:\\Users\\hotpo\\AppData\\Local\\Temp\\rust_mozprofileiRELF3"
1620590675258	Marionette	INFO	Marionette enabled
console.warn: SearchSettings: "get: No settings file exists, new profile?" (new Error("", "(unknown module)"))
1620590676944	Marionette	INFO	Listening on port 60926
1620590677068	Marionette	WARN	TLS certificate errors will be ignored for this session
1620591107974	Marionette	INFO	Stopped listening on port 60926

###!!! [Child][RunMessage] Error: Channel closing: too late to send/recv, messages will be lost

1620932460140	geckodriver	INFO	Listening on 127.0.0.1:55226
1620932463225	mozrunner::runner	INFO	Running command: "C:\\Program Files\\Mozilla Firefox\\firefox.exe" "--marionette" "-foreground" "-no-remote" "-profile" "C:\\Users\\hotpo\\AppData\\Local\\Temp\\rust_mozprofileUqkZGb"
1620932463544	Marionette	INFO	Marionette enabled
console.warn: SearchSettings: "get: No settings file exists, new profile?" (new Error("", "(unknown module)"))
1620932465121	Marionette	INFO	Listening on port 55234
1620932465266	Marionette	WARN	TLS certificate errors will be ignored for this session
[Parent 2084, IPC I/O Parent] WARNING: file /builds/worker/checkouts/gecko/ipc/chromium/src/base/process_util_win.cc:167
1620932471987	Marionette	INFO	Stopped listening on port 55234

###!!! [Child][RunMessage] Error: Channel closing: too late to send/recv, messages will be lost

1620932610256	geckodriver	INFO	Listening on 127.0.0.1:55310
1620932613307	mozrunner::runner	INFO	Running command: "C:\\Program Files\\Mozilla Firefox\\firefox.exe" "--marionette" "-foreground" "-no-remote" "-profile" "C:\\Users\\hotpo\\AppData\\Local\\Temp\\rust_mozprofilec6Zn2b"
1620932613562	Marionette	INFO	Marionette enabled
console.warn: SearchSettings: "get: No settings file exists, new profile?" (new Error("", "(unknown module)"))
1620932615211	Marionette	INFO	Listening on port 55318
1620932615340	Marionette	WARN	TLS certificate errors will be ignored for this session
1620932628820	Marionette	INFO	Stopped listening on port 55318

###!!! [Child][RunMessage] Error: Channel closing: too late to send/recv, messages will be lost

1620933980649	geckodriver	INFO	Listening on 127.0.0.1:55556
1620933983727	mozrunner::runner	INFO	Running command: "C:\\Program Files\\Mozilla Firefox\\firefox.exe" "--marionette" "-foreground" "-no-remote" "-profile" "C:\\Users\\hotpo\\AppData\\Local\\Temp\\rust_mozprofileY7yhT8"
1620933983980	Marionette	INFO	Marionette enabled
console.warn: SearchSettings: "get: No settings file exists, new profile?" (new Error("", "(unknown module)"))
1620933985513	Marionette	INFO	Listening on port 55565
1620933985779	Marionette	WARN	TLS certificate errors will be ignored for this session
1620934000784	Marionette	INFO	Stopped listening on port 55565
1620934023991	geckodriver	INFO	Listening on 127.0.0.1:55619
1620934027084	mozrunner::runner	INFO	Running command: "C:\\Program Files\\Mozilla Firefox\\firefox.exe" "--marionette" "-foreground" "-no-remote" "-profile" "C:\\Users\\hotpo\\AppData\\Local\\Temp\\rust_mozprofile3fGGhz"
1620934027341	Marionette	INFO	Marionette enabled
console.warn: SearchSettings: "get: No settings file exists, new profile?" (new Error("", "(unknown module)"))
1620934028943	Marionette	INFO	Listening on port 55627
1620934029126	Marionette	WARN	TLS certificate errors will be ignored for this session
1620934037587	Marionette	INFO	Stopped listening on port 55627

###!!! [Child][RunMessage] Error: Channel closing: too late to send/recv, messages will be lost

1620934084119	geckodriver	INFO	Listening on 127.0.0.1:55683
1620934087189	mozrunner::runner	INFO	Running command: "C:\\Program Files\\Mozilla Firefox\\firefox.exe" "--marionette" "-foreground" "-no-remote" "-profile" "C:\\Users\\hotpo\\AppData\\Local\\Temp\\rust_mozprofilecf3Hmc"
1620934087435	Marionette	INFO	Marionette enabled
console.warn: SearchSettings: "get: No settings file exists, new profile?" (new Error("", "(unknown module)"))
1620934088966	Marionette	INFO	Listening on port 55691
1620934089249	Marionette	WARN	TLS certificate errors will be ignored for this session
1620934099644	Marionette	INFO	Stopped listening on port 55691
1620934197258	geckodriver	INFO	Listening on 127.0.0.1:55769
1620934200348	mozrunner::runner	INFO	Running command: "C:\\Program Files\\Mozilla Firefox\\firefox.exe" "--marionette" "-foreground" "-no-remote" "-profile" "C:\\Users\\hotpo\\AppData\\Local\\Temp\\rust_mozprofileL31Okm"
1620934200595	Marionette	INFO	Marionette enabled
console.warn: SearchSettings: "get: No settings file exists, new profile?" (new Error("", "(unknown module)"))
1620934202061	Marionette	INFO	Listening on port 55777
1620934202423	Marionette	WARN	TLS certificate errors will be ignored for this session
1620934205144	Marionette	INFO	Stopped listening on port 55777
1620934235837	geckodriver	INFO	Listening on 127.0.0.1:55832
1620934238918	mozrunner::runner	INFO	Running command: "C:\\Program Files\\Mozilla Firefox\\firefox.exe" "--marionette" "-foreground" "-no-remote" "-profile" "C:\\Users\\hotpo\\AppData\\Local\\Temp\\rust_mozprofileyun3dr"
1620934239161	Marionette	INFO	Marionette enabled
console.warn: SearchSettings: "get: No settings file exists, new profile?" (new Error("", "(unknown module)"))
1620934240735	Marionette	INFO	Listening on port 55840
1620934240968	Marionette	WARN	TLS certificate errors will be ignored for this session
[Parent 20724, IPC I/O Parent] WARNING: file /builds/worker/checkouts/gecko/ipc/chromium/src/base/process_util_win.cc:167
1620934249156	Marionette	INFO	Stopped listening on port 55840

###!!! [Child][RunMessage] Error: Channel closing: too late to send/recv, messages will be lost

1620934810060	geckodriver	INFO	Listening on 127.0.0.1:55971
1620934813126	mozrunner::runner	INFO	Running command: "C:\\Program Files\\Mozilla Firefox\\firefox.exe" "--marionette" "-foreground" "-no-remote" "-profile" "C:\\Users\\hotpo\\AppData\\Local\\Temp\\rust_mozprofileiUk7nv"
1620934813374	Marionette	INFO	Marionette enabled
console.warn: SearchSettings: "get: No settings file exists, new profile?" (new Error("", "(unknown module)"))
1620934815017	Marionette	INFO	Listening on port 55980
1620934815186	Marionette	WARN	TLS certificate errors will be ignored for this session
1620934870301	Marionette	INFO	Stopped listening on port 55980

###!!! [Child][RunMessage] Error: Channel closing: too late to send/recv, messages will be lost

1621273688909	geckodriver	INFO	Listening on 127.0.0.1:59992
1621273691986	mozrunner::runner	INFO	Running command: "C:\\Program Files\\Mozilla Firefox\\firefox.exe" "--marionette" "-foreground" "-no-remote" "-profile" "C:\\Users\\hotpo\\AppData\\Local\\Temp\\rust_mozprofileVwKX0y"
1621273692705	Marionette	INFO	Marionette enabled
console.warn: SearchSettings: "get: No settings file exists, new profile?" (new Error("", "(unknown module)"))
1621273695092	Marionette	INFO	Listening on port 60000
1621273695160	Marionette	WARN	TLS certificate errors will be ignored for this session
1621273703751	Marionette	INFO	Stopped listening on port 60000
1621274678308	geckodriver	INFO	Listening on 127.0.0.1:60329
1621274681366	mozrunner::runner	INFO	Running command: "C:\\Program Files\\Mozilla Firefox\\firefox.exe" "--marionette" "-foreground" "-no-remote" "-profile" "C:\\Users\\hotpo\\AppData\\Local\\Temp\\rust_mozprofilelPtYzx"
1621274681624	Marionette	INFO	Marionette enabled
console.warn: SearchSettings: "get: No settings file exists, new profile?" (new Error("", "(unknown module)"))
1621274683454	Marionette	INFO	Listening on port 60337
1621274683549	Marionette	WARN	TLS certificate errors will be ignored for this session
1621275055393	Marionette	INFO	Stopped listening on port 60337
1274738265	mozrunner::runner	INFO	Running command: "C:\\Program Files\\Mozilla Firefox\\firefox.exe" "--marionette" "-foreground" "-no-remote" "-profile" "C:\\Users\\hotpo\\AppData\\Local\\Temp\\rust_mozprofilep0gd08"
1621274738529	Marionette	INFO	Marionette enabled
console.warn: SearchSettings: "get: No settings file exists, new profile?" (new Error("", "(unknown module)"))
1621274740189	Marionette	INFO	Listening on port 60417
1621274740311	Marionette	WARN	TLS certificate errors will be ignored for this session
1621274745192	Marionette	INFO	Stopped listening on port 60417

###!!! [Child][RunMessage] Error: Channel closing: too late to send/recv, messages will be lost

1621274795539	geckodriver	INFO	Listening on 127.0.0.1:60487
1621274798615	mozrunner::runner	INFO	Running command: "C:\\Program Files\\Mozilla Firefox\\firefox.exe" "--marionette" "-foreground" "-no-remote" "-profile" "C:\\Users\\hotpo\\AppData\\Local\\Temp\\rust_mozprofilebX4dtz"
1621274798882	Marionette	INFO	Marionette enabled
console.warn: SearchSettings: "get: No settings file exists, new profile?" (new Error("", "(unknown module)"))
1621274800312	Marionette	INFO	Listening on port 60495
1621274800679	Marionette	WARN	TLS certificate errors will be ignored for this session
1621275053686	Marionette	INFO	Stopped listening on port 60495

###!!! [Child][RunMessage] Error: Channel closing: too late to send/recv, messages will be lost

1621275288365	geckodriver	INFO	Listening on 127.0.0.1:60633
1621275291440	mozrunner::runner	INFO	Running command: "C:\\Program Files\\Mozilla Firefox\\firefox.exe" "--marionette" "-foreground" "-no-remote" "-profile" "C:\\Users\\hotpo\\AppData\\Local\\Temp\\rust_mozprofileaxPEL0"
1621275291711	Marionette	INFO	Marionette enabled
console.warn: SearchSettings: "get: No settings file exists, new profile?" (new Error("", "(unknown module)"))
1621275293572	Marionette	INFO	Listening on port 60641
1621275293594	Marionette	WARN	TLS certificate errors will be ignored for this session
JavaScript error: , line 0: NS_ERROR_NOT_AVAILABLE
1621276350940	Marionette	INFO	Stopped listening on port 60641

###!!! [Child][RunMessage] Error: Channel closing: too late to send/recv, messages will be lost

 "C:\\Users\\hotpo\\AppData\\Local\\Temp\\rust_mozprofileNHRnwR"
1621275331666	Marionette	INFO	Marionette enabled
console.warn: SearchSettings: "get: No settings file exists, new profile?" (new Error("", "(unknown module)"))
1621275333195	Marionette	INFO	Listening on port 60736
1621275333460	Marionette	WARN	TLS certificate errors will be ignored for this session
JavaScript error: , line 0: NS_ERROR_NOT_AVAILABLE
1621276348408	Marionette	INFO	Stopped listening on port 60736

###!!! [Child][RunMessage] Error: Channel closing: too late to send/recv, messages will be lost

 "C:\\Users\\hotpo\\AppData\\Local\\Temp\\rust_mozprofileZS86KZ"
1621275362822	Marionette	INFO	Marionette enabled
console.warn: SearchSettings: "get: No settings file exists, new profile?" (new Error("", "(unknown module)"))
1621275364366	Marionette	INFO	Listening on port 60809
1621275364602	Marionette	WARN	TLS certificate errors will be ignored for this session
1621275371140	Marionette	INFO	Stopped listening on port 60809

###!!! [Child][RunMessage] Error: Channel closing: too late to send/recv, messages will be lost

1621276757217	geckodriver	INFO	Listening on 127.0.0.1:61013
1621276760246	mozrunner::runner	INFO	Running command: "C:\\Program Files\\Mozilla Firefox\\firefox.exe" "--marionette" "-foreground" "-no-remote" "-profile" "C:\\Users\\hotpo\\AppData\\Local\\Temp\\rust_mozprofilegKtnvY"
1621276760509	Marionette	INFO	Marionette enabled
console.warn: SearchSettings: "get: No settings file exists, new profile?" (new Error("", "(unknown module)"))
1621276762059	Marionette	INFO	Listening on port 61021
1621276762296	Marionette	WARN	TLS certificate errors will be ignored for this session
1621276773554	Marionette	INFO	Stopped listening on port 61021

###!!! [Child][RunMessage] Error: Channel closing: too late to send/recv, messages will be lost

1621276788570	geckodriver	INFO	Listening on 127.0.0.1:61084
1621276791655	mozrunner::runner	INFO	Running command: "C:\\Program Files\\Mozilla Firefox\\firefox.exe" "--marionette" "-foreground" "-no-remote" "-profile" "C:\\Users\\hotpo\\AppData\\Local\\Temp\\rust_mozprofileG5Rn0f"
1621276791903	Marionette	INFO	Marionette enabled
console.warn: SearchSettings: "get: No settings file exists, new profile?" (new Error("", "(unknown module)"))
1621276793552	Marionette	INFO	Listening on port 61094
1621276793706	Marionette	WARN	TLS certificate errors will be ignored for this session
1621276810359	Marionette	INFO	Stopped listening on port 61094

###!!! [Child][RunMessage] Error: Channel closing: too late to send/recv, messages will be lost

1621276965806	geckodriver	INFO	Listening on 127.0.0.1:61206
1621276968893	mozrunner::runner	INFO	Running command: "C:\\Program Files\\Mozilla Firefox\\firefox.exe" "--marionette" "-foreground" "-no-remote" "-profile" "C:\\Users\\hotpo\\AppData\\Local\\Temp\\rust_mozprofiless89Wi"
1621276969149	Marionette	INFO	Marionette enabled
console.warn: SearchSettings: "get: No settings file exists, new profile?" (new Error("", "(unknown module)"))
1621276970974	Marionette	INFO	Listening on port 61215
1621276971035	Marionette	WARN	TLS certificate errors will be ignored for this session
1621276982809	Marionette	INFO	Stopped listening on port 61215

###!!! [Child][RunMessage] Error: Channel closing: too late to send/recv, messages will be lost

1621277036620	geckodriver	INFO	Listening on 127.0.0.1:61285
1621277039713	mozrunner::runner	INFO	Running command: "C:\\Program Files\\Mozilla Firefox\\firefox.exe" "--marionette" "-foreground" "-no-remote" "-profile" "C:\\Users\\hotpo\\AppData\\Local\\Temp\\rust_mozprofileru8YzX"
1621277039970	Marionette	INFO	Marionette enabled
console.warn: SearchSettings: "get: No settings file exists, new profile?" (new Error("", "(unknown module)"))
1621277041594	Marionette	INFO	Listening on port 61293
1621277041789	Marionette	WARN	TLS certificate errors will be ignored for this session
1621277052291	Marionette	INFO	Stopped listening on port 61293

###!!! [Child][RunMessage] Error: Channel closing: too late to send/recv, messages will be lost

1621277099235	geckodriver	INFO	Listening on 127.0.0.1:61367
1621277102306	mozrunner::runner	INFO	Running command: "C:\\Program Files\\Mozilla Firefox\\firefox.exe" "--marionette" "-foreground" "-no-remote" "-profile" "C:\\Users\\hotpo\\AppData\\Local\\Temp\\rust_mozprofileWb3wvl"
1621277102555	Marionette	INFO	Marionette enabled
console.warn: SearchSettings: "get: No settings file exists, new profile?" (new Error("", "(unknown module)"))
1621277104079	Marionette	INFO	Listening on port 61375
1621277104345	Marionette	WARN	TLS certificate errors will be ignored for this session
1621277112478	Marionette	INFO	Stopped listening on port 61375
1621376448545	geckodriver	INFO	Listening on 127.0.0.1:50883
1621376451626	mozrunner::runner	INFO	Running command: "C:\\Program Files\\Mozilla Firefox\\firefox.exe" "--marionette" "-foreground" "-no-remote" "-profile" "C:\\Users\\hotpo\\AppData\\Local\\Temp\\rust_mozprofilekOBHd6"
1621376451879	Marionette	INFO	Marionette enabled
console.warn: SearchSettings: "get: No settings file exists, new profile?" (new Error("", "(unknown module)"))
1621376453457	Marionette	INFO	Listening on port 50892
1621376453674	Marionette	WARN	TLS certificate errors will be ignored for this session
1621376461655	Marionette	INFO	Stopped listening on port 50892
1621376955413	geckodriver	INFO	Listening on 127.0.0.1:51032
1621376958493	mozrunner::runner	INFO	Running command: "C:\\Program Files\\Mozilla Firefox\\firefox.exe" "--marionette" "-foreground" "-no-remote" "-profile" "C:\\Users\\hotpo\\AppData\\Local\\Temp\\rust_mozprofileGnWIXp"
1621376958741	Marionette	INFO	Marionette enabled
console.warn: SearchSettings: "get: No settings file exists, new profile?" (new Error("", "(unknown module)"))
1621376960168	Marionette	INFO	Listening on port 51041
1621376960563	Marionette	WARN	TLS certificate errors will be ignored for this session
1621377172520	Marionette	INFO	Stopped listening on port 51041

###!!! [Child][RunMessage] Error: Channel closing: too late to send/recv, messages will be lost

"--marionette" "-foreground" "-no-remote" "-profile" "C:\\Users\\hotpo\\AppData\\Local\\Temp\\rust_mozprofileKizY2m"
1621376991038	Marionette	INFO	Marionette enabled
console.warn: SearchSettings: "get: No settings file exists, new profile?" (new Error("", "(unknown module)"))
1621376992486	Marionette	INFO	Listening on port 51101
1621376992854	Marionette	WARN	TLS certificate errors will be ignored for this session
1621377000525	Marionette	INFO	Stopped listening on port 51101
1621377491457	geckodriver	INFO	Listening on 127.0.0.1:51219
1621377494545	mozrunner::runner	INFO	Running command: "C:\\Program Files\\Mozilla Firefox\\firefox.exe" "--marionette" "-foreground" "-no-remote" "-profile" "C:\\Users\\hotpo\\AppData\\Local\\Temp\\rust_mozprofilemj7SdM"
1621377494775	Marionette	INFO	Marionette enabled
console.warn: SearchSettings: "get: No settings file exists, new profile?" (new Error("", "(unknown module)"))
1621377496319	Marionette	INFO	Listening on port 51227
1621377496592	Marionette	WARN	TLS certificate errors will be ignored for this session
1621377503055	Marionette	INFO	Stopped listening on port 51227

###!!! [Child][RunMessage] Error: Channel closing: too late to send/recv, messages will be lost

1621377633982	geckodriver	INFO	Listening on 127.0.0.1:51319
1621377637060	mozrunner::runner	INFO	Running command: "C:\\Program Files\\Mozilla Firefox\\firefox.exe" "--marionette" "-foreground" "-no-remote" "-profile" "C:\\Users\\hotpo\\AppData\\Local\\Temp\\rust_mozprofileFVGJXJ"
1621377637289	Marionette	INFO	Marionette enabled
console.warn: SearchSettings: "get: No settings file exists, new profile?" (new Error("", "(unknown module)"))
1621377638819	Marionette	INFO	Listening on port 51327
1621377639117	Marionette	WARN	TLS certificate errors will be ignored for this session
1621377664171	Marionette	INFO	Stopped listening on port 51327

###!!! [Child][RunMessage] Error: Channel closing: too late to send/recv, messages will be lost

1621377875879	geckodriver	INFO	Listening on 127.0.0.1:51419
1621377878968	mozrunner::runner	INFO	Running command: "C:\\Program Files\\Mozilla Firefox\\firefox.exe" "--marionette" "-foreground" "-no-remote" "-profile" "C:\\Users\\hotpo\\AppData\\Local\\Temp\\rust_mozprofile6oG9To"
1621377879228	Marionette	INFO	Marionette enabled
console.warn: SearchSettings: "get: No settings file exists, new profile?" (new Error("", "(unknown module)"))
1621377880946	Marionette	INFO	Listening on port 51427
1621377880996	Marionette	WARN	TLS certificate errors will be ignored for this session
1621378288571	Marionette	INFO	Stopped listening on port 51427
1377951977	mozrunner::runner	INFO	Running command: "C:\\Program Files\\Mozilla Firefox\\firefox.exe" "--marionette" "-foreground" "-no-remote" "-profile" "C:\\Users\\hotpo\\AppData\\Local\\Temp\\rust_mozprofileUx3bNS"
1621377952224	Marionette	INFO	Marionette enabled
console.warn: SearchSettings: "get: No settings file exists, new profile?" (new Error("", "(unknown module)"))
1621377953972	Marionette	INFO	Listening on port 51500
1621377954011	Marionette	WARN	TLS certificate errors will be ignored for this session
1621378287415	Marionette	INFO	Stopped listening on port 51500

###!!! [Child][RunMessage] Error: Channel closing: too late to send/recv, messages will be lost

"--marionette" "-foreground" "-no-remote" "-profile" "C:\\Users\\hotpo\\AppData\\Local\\Temp\\rust_mozprofileaUiyKu"
1621377982015	Marionette	INFO	Marionette enabled
console.warn: SearchSettings: "get: No settings file exists, new profile?" (new Error("", "(unknown module)"))
1621377983601	Marionette	INFO	Listening on port 51572
1621377983828	Marionette	WARN	TLS certificate errors will be ignored for this session
1621378285456	Marionette	INFO	Stopped listening on port 51572
1378060057	mozrunner::runner	INFO	Running command: "C:\\Program Files\\Mozilla Firefox\\firefox.exe" "--marionette" "-foreground" "-no-remote" "-profile" "C:\\Users\\hotpo\\AppData\\Local\\Temp\\rust_mozprofilePRNfTu"
1621378060298	Marionette	INFO	Marionette enabled
console.warn: SearchSettings: "get: No settings file exists, new profile?" (new Error("", "(unknown module)"))
1621378061781	Marionette	INFO	Listening on port 51653
1621378062113	Marionette	WARN	TLS certificate errors will be ignored for this session
1621378065652	Marionette	INFO	Stopped listening on port 51653

###!!! [Child][RunMessage] Error: Channel closing: too late to send/recv, messages will be lost

1621378094088	geckodriver	INFO	Listening on 127.0.0.1:51716
1621378097149	mozrunner::runner	INFO	Running command: "C:\\Program Files\\Mozilla Firefox\\firefox.exe" "--marionette" "-foreground" "-no-remote" "-profile" "C:\\Users\\hotpo\\AppData\\Local\\Temp\\rust_mozprofileB9rut3"
1621378097388	Marionette	INFO	Marionette enabled
console.warn: SearchSettings: "get: No settings file exists, new profile?" (new Error("", "(unknown module)"))
1621378098893	Marionette	INFO	Listening on port 51725
1621378099192	Marionette	WARN	TLS certificate errors will be ignored for this session
1621378103583	Marionette	INFO	Stopped listening on port 51725

###!!! [Child][RunMessage] Error: Channel closing: too late to send/recv, messages will be lost

1621378182658	geckodriver	INFO	Listening on 127.0.0.1:51806
1621378185744	mozrunner::runner	INFO	Running command: "C:\\Program Files\\Mozilla Firefox\\firefox.exe" "--marionette" "-foreground" "-no-remote" "-profile" "C:\\Users\\hotpo\\AppData\\Local\\Temp\\rust_mozprofileTZ0HYL"
1621378185969	Marionette	INFO	Marionette enabled
console.warn: SearchSettings: "get: No settings file exists, new profile?" (new Error("", "(unknown module)"))
1621378187453	Marionette	INFO	Listening on port 51815
1621378187797	Marionette	WARN	TLS certificate errors will be ignored for this session
[Parent 5816, IPC I/O Parent] WARNING: file /builds/worker/checkouts/gecko/ipc/chromium/src/base/process_util_win.cc:167
1621378194200	Marionette	INFO	Stopped listening on port 51815

###!!! [Child][RunMessage] Error: Channel closing: too late to send/recv, messages will be lost

1621378222682	geckodriver	INFO	Listening on 127.0.0.1:51887
1621378225760	mozrunner::runner	INFO	Running command: "C:\\Program Files\\Mozilla Firefox\\firefox.exe" "--marionette" "-foreground" "-no-remote" "-profile" "C:\\Users\\hotpo\\AppData\\Local\\Temp\\rust_mozprofileFl1kQp"
1621378226001	Marionette	INFO	Marionette enabled
console.warn: SearchSettings: "get: No settings file exists, new profile?" (new Error("", "(unknown module)"))
1621378227508	Marionette	INFO	Listening on port 51895
1621378227800	Marionette	WARN	TLS certificate errors will be ignored for this session
1621378233756	Marionette	INFO	Stopped listening on port 51895

###!!! [Child][RunMessage] Error: Channel closing: too late to send/recv, messages will be lost

1621378266341	geckodriver	INFO	Listening on 127.0.0.1:51964
1621378269431	mozrunner::runner	INFO	Running command: "C:\\Program Files\\Mozilla Firefox\\firefox.exe" "--marionette" "-foreground" "-no-remote" "-profile" "C:\\Users\\hotpo\\AppData\\Local\\Temp\\rust_mozprofileuXG5OR"
1621378269662	Marionette	INFO	Marionette enabled
console.warn: SearchSettings: "get: No settings file exists, new profile?" (new Error("", "(unknown module)"))
1621378271302	Marionette	INFO	Listening on port 51974
1621378271483	Marionette	WARN	TLS certificate errors will be ignored for this session
1621378276997	Marionette	INFO	Stopped listening on port 51974
1621378875053	geckodriver	INFO	Listening on 127.0.0.1:52103
1621378878139	mozrunner::runner	INFO	Running command: "C:\\Program Files\\Mozilla Firefox\\firefox.exe" "--marionette" "-foreground" "-no-remote" "-profile" "C:\\Users\\hotpo\\AppData\\Local\\Temp\\rust_mozprofilesDIiQe"
1621378878368	Marionette	INFO	Marionette enabled
console.warn: SearchSettings: "get: No settings file exists, new profile?" (new Error("", "(unknown module)"))
1621378879907	Marionette	INFO	Listening on port 52116
1621378880184	Marionette	WARN	TLS certificate errors will be ignored for this session
1621378886660	Marionette	INFO	Stopped listening on port 52116

###!!! [Child][RunMessage] Error: Channel closing: too late to send/recv, messages will be lost

1621456313142	geckodriver	INFO	Listening on 127.0.0.1:55181
1621456316209	mozrunner::runner	INFO	Running command: "C:\\Program Files\\Mozilla Firefox\\firefox.exe" "--marionette" "-foreground" "-no-remote" "-profile" "C:\\Users\\hotpo\\AppData\\Local\\Temp\\rust_mozprofileFBlo7x"
1621456316465	Marionette	INFO	Marionette enabled
console.warn: SearchSettings: "get: No settings file exists, new profile?" (new Error("", "(unknown module)"))
1621456317967	Marionette	INFO	Listening on port 55190
1621456318272	Marionette	WARN	TLS certificate errors will be ignored for this session
console.error: Region.jsm: "Error fetching region" (new Error("TIMEOUT", "resource://gre/modules/Region.jsm", 772))
console.error: Region.jsm: "Failed to fetch region" (new Error("TIMEOUT", "resource://gre/modules/Region.jsm", 419))
1621456550313	Marionette	INFO	Stopped listening on port 55190

###!!! [Child][RunMessage] Error: Channel closing: too late to send/recv, messages will be lost

"--marionette" "-foreground" "-no-remote" "-profile" "C:\\Users\\hotpo\\AppData\\Local\\Temp\\rust_mozprofileIcUGRS"
1621456444291	Marionette	INFO	Marionette enabled
console.warn: SearchSettings: "get: No settings file exists, new profile?" (new Error("", "(unknown module)"))
1621456446264	Marionette	INFO	Listening on port 55282
1621456446716	Marionette	WARN	TLS certificate errors will be ignored for this session
1621456457343	Marionette	INFO	Stopped listening on port 55282

###!!! [Child][RunMessage] Error: Channel closing: too late to send/recv, messages will be lost

1621456480064	geckodriver	INFO	Listening on 127.0.0.1:55350
1621456483122	mozrunner::runner	INFO	Running command: "C:\\Program Files\\Mozilla Firefox\\firefox.exe" "--marionette" "-foreground" "-no-remote" "-profile" "C:\\Users\\hotpo\\AppData\\Local\\Temp\\rust_mozprofilelqIdIL"
1621456483370	Marionette	INFO	Marionette enabled
console.warn: SearchSettings: "get: No settings file exists, new profile?" (new Error("", "(unknown module)"))
1621456484919	Marionette	INFO	Listening on port 55358
1621456485182	Marionette	WARN	TLS certificate errors will be ignored for this session
1621456494789	Marionette	INFO	Stopped listening on port 55358
1621456526070	geckodriver	INFO	Listening on 127.0.0.1:55423
1621456529169	mozrunner::runner	INFO	Running command: "C:\\Program Files\\Mozilla Firefox\\firefox.exe" "--marionette" "-foreground" "-no-remote" "-profile" "C:\\Users\\hotpo\\AppData\\Local\\Temp\\rust_mozprofileBGsT3p"
1621456529423	Marionette	INFO	Marionette enabled
console.warn: SearchSettings: "get: No settings file exists, new profile?" (new Error("", "(unknown module)"))
1621456531253	Marionette	INFO	Listening on port 55431
1621456531337	Marionette	WARN	TLS certificate errors will be ignored for this session
1621456549017	Marionette	INFO	Stopped listening on port 55431

###!!! [Child][RunMessage] Error: Channel closing: too late to send/recv, messages will be lost

1621456654920	geckodriver	INFO	Listening on 127.0.0.1:55521
1621456658007	mozrunner::runner	INFO	Running command: "C:\\Program Files\\Mozilla Firefox\\firefox.exe" "--marionette" "-foreground" "-no-remote" "-profile" "C:\\Users\\hotpo\\AppData\\Local\\Temp\\rust_mozprofile2XqGoH"
1621456658255	Marionette	INFO	Marionette enabled
console.warn: SearchSettings: "get: No settings file exists, new profile?" (new Error("", "(unknown module)"))
1621456660009	Marionette	INFO	Listening on port 55529
1621456660056	Marionette	WARN	TLS certificate errors will be ignored for this session
1621456721510	Marionette	INFO	Stopped listening on port 55529

###!!! [Child][RunMessage] Error: Channel closing: too late to send/recv, messages will be lost

"--marionette" "-foreground" "-no-remote" "-profile" "C:\\Users\\hotpo\\AppData\\Local\\Temp\\rust_mozprofileEqwwFp"
1621456707593	Marionette	INFO	Marionette enabled
console.warn: SearchSettings: "get: No settings file exists, new profile?" (new Error("", "(unknown module)"))
1621456709263	Marionette	INFO	Listening on port 55606
1621456709393	Marionette	WARN	TLS certificate errors will be ignored for this session
1621456720625	Marionette	INFO	Stopped listening on port 55606

###!!! [Child][RunMessage] Error: Channel closing: too late to send/recv, messages will be lost

1621457047772	geckodriver	INFO	Listening on 127.0.0.1:55723
1621457050849	mozrunner::runner	INFO	Running command: "C:\\Program Files\\Mozilla Firefox\\firefox.exe" "--marionette" "-foreground" "-no-remote" "-profile" "C:\\Users\\hotpo\\AppData\\Local\\Temp\\rust_mozprofileAMVEig"
1621457051098	Marionette	INFO	Marionette enabled
console.warn: SearchSettings: "get: No settings file exists, new profile?" (new Error("", "(unknown module)"))
1621457052681	Marionette	INFO	Listening on port 55732
1621457052878	Marionette	WARN	TLS certificate errors will be ignored for this session
1621457352123	Marionette	INFO	Stopped listening on port 55732

###!!! [Child][RunMessage] Error: Channel closing: too late to send/recv, messages will be lost

"--marionette" "-foreground" "-no-remote" "-profile" "C:\\Users\\hotpo\\AppData\\Local\\Temp\\rust_mozprofile05TPvF"
1621457082936	Marionette	INFO	Marionette enabled
console.warn: SearchSettings: "get: No settings file exists, new profile?" (new Error("", "(unknown module)"))
1621457084470	Marionette	INFO	Listening on port 55808
1621457084728	Marionette	WARN	TLS certificate errors will be ignored for this session
1621457353321	Marionette	INFO	Stopped listening on port 55808
1457141096	mozrunner::runner	INFO	Running command: "C:\\Program Files\\Mozilla Firefox\\firefox.exe" "--marionette" "-foreground" "-no-remote" "-profile" "C:\\Users\\hotpo\\AppData\\Local\\Temp\\rust_mozprofiledK0Ozo"
1621457141353	Marionette	INFO	Marionette enabled
console.warn: SearchSettings: "get: No settings file exists, new profile?" (new Error("", "(unknown module)"))
1621457142912	Marionette	INFO	Listening on port 55888
1621457143150	Marionette	WARN	TLS certificate errors will be ignored for this session
1621457350856	Marionette	INFO	Stopped listening on port 55888
1457288697	mozrunner::runner	INFO	Running command: "C:\\Program Files\\Mozilla Firefox\\firefox.exe" "--marionette" "-foreground" "-no-remote" "-profile" "C:\\Users\\hotpo\\AppData\\Local\\Temp\\rust_mozprofile9ppxsb"
1621457288947	Marionette	INFO	Marionette enabled
console.warn: SearchSettings: "get: No settings file exists, new profile?" (new Error("", "(unknown module)"))
1621457290465	Marionette	INFO	Listening on port 56033
1621457290737	Marionette	WARN	TLS certificate errors will be ignored for this session
1621457296877	Marionette	INFO	Stopped listening on port 56033

###!!! [Child][RunMessage] Error: Channel closing: too late to send/recv, messages will be lost

1621457357383	geckodriver	INFO	Listening on 127.0.0.1:56101
1621457360448	mozrunner::runner	INFO	Running command: "C:\\Program Files\\Mozilla Firefox\\firefox.exe" "--marionette" "-foreground" "-no-remote" "-profile" "C:\\Users\\hotpo\\AppData\\Local\\Temp\\rust_mozprofileI6Y1GD"
1621457360693	Marionette	INFO	Marionette enabled
console.warn: SearchSettings: "get: No settings file exists, new profile?" (new Error("", "(unknown module)"))
1621457362227	Marionette	INFO	Listening on port 56109
1621457362499	Marionette	WARN	TLS certificate errors will be ignored for this session
1621457393438	Marionette	INFO	Stopped listening on port 56109

###!!! [Child][RunMessage] Error: Channel closing: too late to send/recv, messages will be lost

1621457397641	geckodriver	INFO	Listening on 127.0.0.1:56173
1621457400704	mozrunner::runner	INFO	Running command: "C:\\Program Files\\Mozilla Firefox\\firefox.exe" "--marionette" "-foreground" "-no-remote" "-profile" "C:\\Users\\hotpo\\AppData\\Local\\Temp\\rust_mozprofileUurGCO"
1621457400958	Marionette	INFO	Marionette enabled
console.warn: SearchSettings: "get: No settings file exists, new profile?" (new Error("", "(unknown module)"))
1621457402855	Marionette	INFO	Listening on port 56183
1621457403361	Marionette	WARN	TLS certificate errors will be ignored for this session
1621457580867	Marionette	INFO	Stopped listening on port 56183

###!!! [Child][RunMessage] Error: Channel closing: too late to send/recv, messages will be lost

"--marionette" "-foreground" "-no-remote" "-profile" "C:\\Users\\hotpo\\AppData\\Local\\Temp\\rust_mozprofileqrPyce"
1621457438997	Marionette	INFO	Marionette enabled
console.warn: SearchSettings: "get: No settings file exists, new profile?" (new Error("", "(unknown module)"))
1621457440499	Marionette	INFO	Listening on port 56257
1621457440796	Marionette	WARN	TLS certificate errors will be ignored for this session
1621457579566	Marionette	INFO	Stopped listening on port 56257

###!!! [Child][RunMessage] Error: Channel closing: too late to send/recv, messages will be lost

"--marionette" "-foreground" "-no-remote" "-profile" "C:\\Users\\hotpo\\AppData\\Local\\Temp\\rust_mozprofileuRXevI"
1621457565493	Marionette	INFO	Marionette enabled
console.warn: SearchSettings: "get: No settings file exists, new profile?" (new Error("", "(unknown module)"))
1621457567030	Marionette	INFO	Listening on port 56345
1621457567322	Marionette	WARN	TLS certificate errors will be ignored for this session
1621457577481	Marionette	INFO	Stopped listening on port 56345

###!!! [Child][RunMessage] Error: Channel closing: too late to send/recv, messages will be lost

1621457729795	geckodriver	INFO	Listening on 127.0.0.1:56449
1621457732877	mozrunner::runner	INFO	Running command: "C:\\Program Files\\Mozilla Firefox\\firefox.exe" "--marionette" "-foreground" "-no-remote" "-profile" "C:\\Users\\hotpo\\AppData\\Local\\Temp\\rust_mozprofilewADcRo"
1621457733124	Marionette	INFO	Marionette enabled
console.warn: SearchSettings: "get: No settings file exists, new profile?" (new Error("", "(unknown module)"))
1621457734776	Marionette	INFO	Listening on port 56457
1621457734940	Marionette	WARN	TLS certificate errors will be ignored for this session
1621457833101	Marionette	INFO	Stopped listening on port 56457

###!!! [Child][RunMessage] Error: Channel closing: too late to send/recv, messages will be lost

"--marionette" "-foreground" "-no-remote" "-profile" "C:\\Users\\hotpo\\AppData\\Local\\Temp\\rust_mozprofilegGCsqe"
1621457781461	Marionette	INFO	Marionette enabled
console.warn: SearchSettings: "get: No settings file exists, new profile?" (new Error("", "(unknown module)"))
1621457782998	Marionette	INFO	Listening on port 56534
1621457783265	Marionette	WARN	TLS certificate errors will be ignored for this session
1621457830991	Marionette	INFO	Stopped listening on port 56534

###!!! [Child][RunMessage] Error: Channel closing: too late to send/recv, messages will be lost

"--marionette" "-foreground" "-no-remote" "-profile" "C:\\Users\\hotpo\\AppData\\Local\\Temp\\rust_mozprofileVvrMeW"
1621457831225	Marionette	INFO	Marionette enabled
JavaScript error: resource://gre/modules/AsyncShutdown.jsm, line 575: uncaught exception: Object

###!!! [Child][RunMessage] Error: Channel closing: too late to send/recv, messages will be lost

1621457843258	geckodriver	INFO	Listening on 127.0.0.1:56621
1621457846320	mozrunner::runner	INFO	Running command: "C:\\Program Files\\Mozilla Firefox\\firefox.exe" "--marionette" "-foreground" "-no-remote" "-profile" "C:\\Users\\hotpo\\AppData\\Local\\Temp\\rust_mozprofile7qIpuO"
1621457846565	Marionette	INFO	Marionette enabled
console.warn: SearchSettings: "get: No settings file exists, new profile?" (new Error("", "(unknown module)"))
1621457848238	Marionette	INFO	Listening on port 56630
1621457848374	Marionette	WARN	TLS certificate errors will be ignored for this session
1621457984399	Marionette	INFO	Stopped listening on port 56630

###!!! [Child][RunMessage] Error: Channel closing: too late to send/recv, messages will be lost

"--marionette" "-foreground" "-no-remote" "-profile" "C:\\Users\\hotpo\\AppData\\Local\\Temp\\rust_mozprofile7SB9ri"
1621457886789	Marionette	INFO	Marionette enabled
console.warn: SearchSettings: "get: No settings file exists, new profile?" (new Error("", "(unknown module)"))
1621457888472	Marionette	INFO	Listening on port 56710
1621457888568	Marionette	WARN	TLS certificate errors will be ignored for this session
1621457983398	Marionette	INFO	Stopped listening on port 56710

###!!! [Child][RunMessage] Error: Channel closing: too late to send/recv, messages will be lost

"--marionette" "-foreground" "-no-remote" "-profile" "C:\\Users\\hotpo\\AppData\\Local\\Temp\\rust_mozprofilekc3n9p"
1621457933939	Marionette	INFO	Marionette enabled
console.warn: SearchSettings: "get: No settings file exists, new profile?" (new Error("", "(unknown module)"))
1621457935723	Marionette	INFO	Listening on port 56786
1621457935739	Marionette	WARN	TLS certificate errors will be ignored for this session
1621457981724	Marionette	INFO	Stopped listening on port 56786

###!!! [Child][RunMessage] Error: Channel closing: too late to send/recv, messages will be lost

1621458095574	geckodriver	INFO	Listening on 127.0.0.1:56864
1621458098649	mozrunner::runner	INFO	Running command: "C:\\Program Files\\Mozilla Firefox\\firefox.exe" "--marionette" "-foreground" "-no-remote" "-profile" "C:\\Users\\hotpo\\AppData\\Local\\Temp\\rust_mozprofilekzoqrs"
1621458098894	Marionette	INFO	Marionette enabled
console.warn: SearchSettings: "get: No settings file exists, new profile?" (new Error("", "(unknown module)"))
1621458100583	Marionette	INFO	Listening on port 56872
1621458100692	Marionette	WARN	TLS certificate errors will be ignored for this session
1621458763332	Marionette	INFO	Stopped listening on port 56872
1458138319	mozrunner::runner	INFO	Running command: "C:\\Program Files\\Mozilla Firefox\\firefox.exe" "--marionette" "-foreground" "-no-remote" "-profile" "C:\\Users\\hotpo\\AppData\\Local\\Temp\\rust_mozprofile9i0mbj"
1621458138564	Marionette	INFO	Marionette enabled
console.warn: SearchSettings: "get: No settings file exists, new profile?" (new Error("", "(unknown module)"))
1621458140064	Marionette	INFO	Listening on port 56948
1621458140370	Marionette	WARN	TLS certificate errors will be ignored for this session
1621458762046	Marionette	INFO	Stopped listening on port 56948
1458209732	mozrunner::runner	INFO	Running command: "C:\\Program Files\\Mozilla Firefox\\firefox.exe" "--marionette" "-foreground" "-no-remote" "-profile" "C:\\Users\\hotpo\\AppData\\Local\\Temp\\rust_mozprofileWbL9eQ"
1621458209980	Marionette	INFO	Marionette enabled
console.warn: SearchSettings: "get: No settings file exists, new profile?" (new Error("", "(unknown module)"))
1621458211538	Marionette	INFO	Listening on port 57053
1621458211792	Marionette	WARN	TLS certificate errors will be ignored for this session
1621458761018	Marionette	INFO	Stopped listening on port 57053

###!!! [Child][RunMessage] Error: Channel closing: too late to send/recv, messages will be lost

"--marionette" "-foreground" "-no-remote" "-profile" "C:\\Users\\hotpo\\AppData\\Local\\Temp\\rust_mozprofile70AwIw"
1621458269269	Marionette	INFO	Marionette enabled
console.warn: SearchSettings: "get: No settings file exists, new profile?" (new Error("", "(unknown module)"))
1621458270690	Marionette	INFO	Listening on port 57135
1621458271081	Marionette	WARN	TLS certificate errors will be ignored for this session
1621458760250	Marionette	INFO	Stopped listening on port 57135

###!!! [Child][RunMessage] Error: Channel closing: too late to send/recv, messages will be lost

"--marionette" "-foreground" "-no-remote" "-profile" "C:\\Users\\hotpo\\AppData\\Local\\Temp\\rust_mozprofilea7gbqs"
1621458364916	Marionette	INFO	Marionette enabled
console.warn: SearchSettings: "get: No settings file exists, new profile?" (new Error("", "(unknown module)"))
1621458366452	Marionette	INFO	Listening on port 57217
1621458366732	Marionette	WARN	TLS certificate errors will be ignored for this session
1621458371637	Marionette	INFO	Stopped listening on port 57217

###!!! [Child][RunMessage] Error: Channel closing: too late to send/recv, messages will be lost

1621458426179	geckodriver	INFO	Listening on 127.0.0.1:57287
1621458429247	mozrunner::runner	INFO	Running command: "C:\\Program Files\\Mozilla Firefox\\firefox.exe" "--marionette" "-foreground" "-no-remote" "-profile" "C:\\Users\\hotpo\\AppData\\Local\\Temp\\rust_mozprofileTp9YU4"
1621458429499	Marionette	INFO	Marionette enabled
console.warn: SearchSettings: "get: No settings file exists, new profile?" (new Error("", "(unknown module)"))
1621458431113	Marionette	INFO	Listening on port 57297
1621458431293	Marionette	WARN	TLS certificate errors will be ignored for this session
1621458759541	Marionette	INFO	Stopped listening on port 57297
1458526062	mozrunner::runner	INFO	Running command: "C:\\Program Files\\Mozilla Firefox\\firefox.exe" "--marionette" "-foreground" "-no-remote" "-profile" "C:\\Users\\hotpo\\AppData\\Local\\Temp\\rust_mozprofileIjzwUg"
1621458526313	Marionette	INFO	Marionette enabled
console.warn: SearchSettings: "get: No settings file exists, new profile?" (new Error("", "(unknown module)"))
1621458527975	Marionette	INFO	Listening on port 57378
1621458528117	Marionette	WARN	TLS certificate errors will be ignored for this session
[Parent 22120, IPC I/O Parent] WARNING: file /builds/worker/checkouts/gecko/ipc/chromium/src/base/process_util_win.cc:167
1621458758737	Marionette	INFO	Stopped listening on port 57378
1621458765968	geckodriver	INFO	Listening on 127.0.0.1:57485
1621458769035	mozrunner::runner	INFO	Running command: "C:\\Program Files\\Mozilla Firefox\\firefox.exe" "--marionette" "-foreground" "-no-remote" "-profile" "C:\\Users\\hotpo\\AppData\\Local\\Temp\\rust_mozprofileZAAFTL"
1621458769280	Marionette	INFO	Marionette enabled
console.warn: SearchSettings: "get: No settings file exists, new profile?" (new Error("", "(unknown module)"))
1621458770840	Marionette	INFO	Listening on port 57493
1621458771092	Marionette	WARN	TLS certificate errors will be ignored for this session
1621458961050	Marionette	INFO	Stopped listening on port 57493

###!!! [Child][RunMessage] Error: Channel closing: too late to send/recv, messages will be lost

"--marionette" "-foreground" "-no-remote" "-profile" "C:\\Users\\hotpo\\AppData\\Local\\Temp\\rust_mozprofilekpoA5L"
1621458817213	Marionette	INFO	Marionette enabled
console.warn: SearchSettings: "get: No settings file exists, new profile?" (new Error("", "(unknown module)"))
1621458818883	Marionette	INFO	Listening on port 57574
1621458819010	Marionette	WARN	TLS certificate errors will be ignored for this session
1621458960308	Marionette	INFO	Stopped listening on port 57574

###!!! [Child][RunMessage] Error: Channel closing: too late to send/recv, messages will be lost

"--marionette" "-foreground" "-no-remote" "-profile" "C:\\Users\\hotpo\\AppData\\Local\\Temp\\rust_mozprofilelC1lKy"
1621458880491	Marionette	INFO	Marionette enabled
console.warn: SearchSettings: "get: No settings file exists, new profile?" (new Error("", "(unknown module)"))
1621458881968	Marionette	INFO	Listening on port 57668
1621458882276	Marionette	WARN	TLS certificate errors will be ignored for this session
1621458959335	Marionette	INFO	Stopped listening on port 57668

###!!! [Child][RunMessage] Error: Channel closing: too late to send/recv, messages will be lost

"--marionette" "-foreground" "-no-remote" "-profile" "C:\\Users\\hotpo\\AppData\\Local\\Temp\\rust_mozprofileDm51Ce"
1621458921066	Marionette	INFO	Marionette enabled
console.warn: SearchSettings: "get: No settings file exists, new profile?" (new Error("", "(unknown module)"))
1621458922609	Marionette	INFO	Listening on port 57744
1621458922874	Marionette	WARN	TLS certificate errors will be ignored for this session
1621458958654	Marionette	INFO	Stopped listening on port 57744

###!!! [Child][RunMessage] Error: Channel closing: too late to send/recv, messages will be lost

1621459045584	geckodriver	INFO	Listening on 127.0.0.1:57840
1621459048638	mozrunner::runner	INFO	Running command: "C:\\Program Files\\Mozilla Firefox\\firefox.exe" "--marionette" "-foreground" "-no-remote" "-profile" "C:\\Users\\hotpo\\AppData\\Local\\Temp\\rust_mozprofilerraGll"
1621459048893	Marionette	INFO	Marionette enabled
console.warn: SearchSettings: "get: No settings file exists, new profile?" (new Error("", "(unknown module)"))
1621459050436	Marionette	INFO	Listening on port 57852
1621459050677	Marionette	WARN	TLS certificate errors will be ignored for this session
1621459057687	Marionette	INFO	Stopped listening on port 57852

###!!! [Child][RunMessage] Error: Channel closing: too late to send/recv, messages will be lost

1621459186557	geckodriver	INFO	Listening on 127.0.0.1:57928
1621459189646	mozrunner::runner	INFO	Running command: "C:\\Program Files\\Mozilla Firefox\\firefox.exe" "--marionette" "-foreground" "-no-remote" "-profile" "C:\\Users\\hotpo\\AppData\\Local\\Temp\\rust_mozprofilerrW8Fm"
1621459189892	Marionette	INFO	Marionette enabled
console.warn: SearchSettings: "get: No settings file exists, new profile?" (new Error("", "(unknown module)"))
1621459191407	Marionette	INFO	Listening on port 57936
1621459191703	Marionette	WARN	TLS certificate errors will be ignored for this session
1621459239576	Marionette	INFO	Stopped listening on port 57936

###!!! [Child][RunMessage] Error: Channel closing: too late to send/recv, messages will be lost

1621459334677	geckodriver	INFO	Listening on 127.0.0.1:58016
1621459337742	mozrunner::runner	INFO	Running command: "C:\\Program Files\\Mozilla Firefox\\firefox.exe" "--marionette" "-foreground" "-no-remote" "-profile" "C:\\Users\\hotpo\\AppData\\Local\\Temp\\rust_mozprofileJuvu4S"
1621459337992	Marionette	INFO	Marionette enabled
console.warn: SearchSettings: "get: No settings file exists, new profile?" (new Error("", "(unknown module)"))
1621459339825	Marionette	INFO	Listening on port 58024
1621459339898	Marionette	WARN	TLS certificate errors will be ignored for this session
1621459970441	Marionette	INFO	Stopped listening on port 58024

###!!! [Child][RunMessage] Error: Channel closing: too late to send/recv, messages will be lost

"--marionette" "-foreground" "-no-remote" "-profile" "C:\\Users\\hotpo\\AppData\\Local\\Temp\\rust_mozprofilePXAqvc"
1621459390858	Marionette	INFO	Marionette enabled
console.warn: SearchSettings: "get: No settings file exists, new profile?" (new Error("", "(unknown module)"))
1621459392365	Marionette	INFO	Listening on port 58104
1621459392652	Marionette	WARN	TLS certificate errors will be ignored for this session
1621459966066	Marionette	INFO	Stopped listening on port 58104

###!!! [Child][RunMessage] Error: Channel closing: too late to send/recv, messages will be lost

"--marionette" "-foreground" "-no-remote" "-profile" "C:\\Users\\hotpo\\AppData\\Local\\Temp\\rust_mozprofilee3O7X3"
1621459842578	Marionette	INFO	Marionette enabled
console.warn: SearchSettings: "get: No settings file exists, new profile?" (new Error("", "(unknown module)"))
1621459844361	Marionette	INFO	Listening on port 58239
1621459844385	Marionette	WARN	TLS certificate errors will be ignored for this session
[Parent 22704, IPC I/O Parent] WARNING: file /builds/worker/checkouts/gecko/ipc/chromium/src/base/process_util_win.cc:167
1621459960282	Marionette	INFO	Stopped listening on port 58239

###!!! [Child][RunMessage] Error: Channel closing: too late to send/recv, messages will be lost

9885790	Marionette	INFO	Marionette enabled
console.warn: SearchSettings: "get: No settings file exists, new profile?" (new Error("", "(unknown module)"))
1621459887466	Marionette	INFO	Listening on port 58314
1621459887606	Marionette	WARN	TLS certificate errors will be ignored for this session
1621459962189	Marionette	INFO	Stopped listening on port 58314

###!!! [Child][RunMessage] Error: Channel closing: too late to send/recv, messages will be lost

"--marionette" "-foreground" "-no-remote" "-profile" "C:\\Users\\hotpo\\AppData\\Local\\Temp\\rust_mozprofileRaKqg8"
1621459939694	Marionette	INFO	Marionette enabled
console.warn: SearchSettings: "get: No settings file exists, new profile?" (new Error("", "(unknown module)"))
1621459941315	Marionette	INFO	Listening on port 58397
1621459941482	Marionette	WARN	TLS certificate errors will be ignored for this session
1621459968500	Marionette	INFO	Stopped listening on port 58397

###!!! [Child][RunMessage] Error: Channel closing: too late to send/recv, messages will be lost

1621459975590	geckodriver	INFO	Listening on 127.0.0.1:58456
1621459978673	mozrunner::runner	INFO	Running command: "C:\\Program Files\\Mozilla Firefox\\firefox.exe" "--marionette" "-foreground" "-no-remote" "-profile" "C:\\Users\\hotpo\\AppData\\Local\\Temp\\rust_mozprofilevkwfrG"
1621459978911	Marionette	INFO	Marionette enabled
console.warn: SearchSettings: "get: No settings file exists, new profile?" (new Error("", "(unknown module)"))
1621459980444	Marionette	INFO	Listening on port 58464
1621459980718	Marionette	WARN	TLS certificate errors will be ignored for this session
1621460328914	Marionette	INFO	Stopped listening on port 58464

###!!! [Child][RunMessage] Error: Channel closing: too late to send/recv, messages will be lost

"--marionette" "-foreground" "-no-remote" "-profile" "C:\\Users\\hotpo\\AppData\\Local\\Temp\\rust_mozprofile3AKN6Y"
1621460134517	Marionette	INFO	Marionette enabled
console.warn: SearchSettings: "get: No settings file exists, new profile?" (new Error("", "(unknown module)"))
1621460136212	Marionette	INFO	Listening on port 58547
1621460136305	Marionette	WARN	TLS certificate errors will be ignored for this session
[Parent 22032, IPC I/O Parent] WARNING: file /builds/worker/checkouts/gecko/ipc/chromium/src/base/process_util_win.cc:167
1621460329712	Marionette	INFO	Stopped listening on port 58547

###!!! [Child][RunMessage] Error: Channel closing: too late to send/recv, messages will be lost

0186410	Marionette	INFO	Marionette enabled
console.warn: SearchSettings: "get: No settings file exists, new profile?" (new Error("", "(unknown module)"))
1621460187957	Marionette	INFO	Listening on port 58625
1621460188202	Marionette	WARN	TLS certificate errors will be ignored for this session
1621460330194	Marionette	INFO	Stopped listening on port 58625

###!!! [Child][RunMessage] Error: Channel closing: too late to send/recv, messages will be lost

"--marionette" "-foreground" "-no-remote" "-profile" "C:\\Users\\hotpo\\AppData\\Local\\Temp\\rust_mozprofileofXYNi"
1621460243530	Marionette	INFO	Marionette enabled
console.warn: SearchSettings: "get: No settings file exists, new profile?" (new Error("", "(unknown module)"))
1621460245221	Marionette	INFO	Listening on port 58703
1621460245347	Marionette	WARN	TLS certificate errors will be ignored for this session
1621460272035	Marionette	INFO	Stopped listening on port 58703

###!!! [Child][RunMessage] Error: Channel closing: too late to send/recv, messages will be lost

1621460301270	geckodriver	INFO	Listening on 127.0.0.1:58769
1621460304358	mozrunner::runner	INFO	Running command: "C:\\Program Files\\Mozilla Firefox\\firefox.exe" "--marionette" "-foreground" "-no-remote" "-profile" "C:\\Users\\hotpo\\AppData\\Local\\Temp\\rust_mozprofileH3cDL2"
1621460304605	Marionette	INFO	Marionette enabled
console.warn: SearchSettings: "get: No settings file exists, new profile?" (new Error("", "(unknown module)"))
1621460306182	Marionette	INFO	Listening on port 58777
1621460306402	Marionette	WARN	TLS certificate errors will be ignored for this session
1621460311070	Marionette	INFO	Stopped listening on port 58777

###!!! [Child][RunMessage] Error: Channel closing: too late to send/recv, messages will be lost

1621460473382	geckodriver	INFO	Listening on 127.0.0.1:58914
1621460476466	mozrunner::runner	INFO	Running command: "C:\\Program Files\\Mozilla Firefox\\firefox.exe" "--marionette" "-foreground" "-no-remote" "-profile" "C:\\Users\\hotpo\\AppData\\Local\\Temp\\rust_mozprofile5HlmpM"
1621460476719	Marionette	INFO	Marionette enabled
console.warn: SearchSettings: "get: No settings file exists, new profile?" (new Error("", "(unknown module)"))
1621460478226	Marionette	INFO	Listening on port 58922
1621460478518	Marionette	WARN	TLS certificate errors will be ignored for this session
JavaScript error: , line 0: NS_ERROR_NOT_AVAILABLE
1621469708104	Marionette	INFO	Stopped listening on port 58922

###!!! [Child][RunMessage] Error: Channel closing: too late to send/recv, messages will be lost

 "C:\\Users\\hotpo\\AppData\\Local\\Temp\\rust_mozprofileUOxNPb"
1621460513841	Marionette	INFO	Marionette enabled
console.warn: SearchSettings: "get: No settings file exists, new profile?" (new Error("", "(unknown module)"))
1621460515395	Marionette	INFO	Listening on port 59000
1621460515635	Marionette	WARN	TLS certificate errors will be ignored for this session
JavaScript error: , line 0: NS_ERROR_NOT_AVAILABLE
1621469707597	Marionette	INFO	Stopped listening on port 59000

###!!! [Child][RunMessage] Error: Channel closing: too late to send/recv, messages will be lost

 "C:\\Users\\hotpo\\AppData\\Local\\Temp\\rust_mozprofileC8OWfI"
1621460675564	Marionette	INFO	Marionette enabled
console.warn: SearchSettings: "get: No settings file exists, new profile?" (new Error("", "(unknown module)"))
1621460677101	Marionette	INFO	Listening on port 59107
1621460677353	Marionette	WARN	TLS certificate errors will be ignored for this session
JavaScript error: , line 0: NS_ERROR_NOT_AVAILABLE
1621469706365	Marionette	INFO	Stopped listening on port 59107
1621557595903	geckodriver	INFO	Listening on 127.0.0.1:51914
1621557598975	mozrunner::runner	INFO	Running command: "C:\\Program Files\\Mozilla Firefox\\firefox.exe" "--marionette" "-foreground" "-no-remote" "-profile" "C:\\Users\\hotpo\\AppData\\Local\\Temp\\rust_mozprofile7Wxsjj"
1621557599247	Marionette	INFO	Marionette enabled
console.warn: SearchSettings: "get: No settings file exists, new profile?" (new Error("", "(unknown module)"))
1621557600826	Marionette	INFO	Listening on port 51922
1621557601030	Marionette	WARN	TLS certificate errors will be ignored for this session
[Parent 14596, IPC I/O Parent] WARNING: file /builds/worker/checkouts/gecko/ipc/chromium/src/base/process_util_win.cc:167
1621557607781	Marionette	INFO	Stopped listening on port 51922

###!!! [Child][RunMessage] Error: Channel closing: too late to send/recv, messages will be lost

